<?xml version="1.0" encoding="UTF-8"?>
<testsuite name="ResistorColorTest" tests="4" skipped="0" failures="0" errors="0" timestamp="2023-12-24T23:22:28" hostname="Fartazs-MacBook-Air.local" time="0.057">
  <properties/>
  <testcase name="testWhiteColorCode" classname="ResistorColorTest" time="0.044"/>
  <testcase name="testColors" classname="ResistorColorTest" time="0.012"/>
  <testcase name="testBlackColorCode" classname="ResistorColorTest" time="0.0"/>
  <testcase name="testOrangeColorCode" classname="ResistorColorTest" time="0.0"/>
  <system-out><![CDATA[]]></system-out>
  <system-err><![CDATA[]]></system-err>
</testsuite>
