<?xml version="1.0" encoding="UTF-8"?>
<testsuite name="PrimeCalculatorTest" tests="5" skipped="4" failures="0" errors="0" timestamp="2023-12-25T00:12:00" hostname="Fartazs-MacBook-Air.local" time="0.051">
  <properties/>
  <testcase name="testUndefinedPrime" classname="PrimeCalculatorTest" time="0.0">
    <skipped/>
  </testcase>
  <testcase name="testSixthPrime" classname="PrimeCalculatorTest" time="0.0">
    <skipped/>
  </testcase>
  <testcase name="testFirstPrime" classname="PrimeCalculatorTest" time="0.048"/>
  <testcase name="testSecondPrime" classname="PrimeCalculatorTest" time="0.0">
    <skipped/>
  </testcase>
  <testcase name="testBigPrime" classname="PrimeCalculatorTest" time="0.0">
    <skipped/>
  </testcase>
  <system-out><![CDATA[]]></system-out>
  <system-err><![CDATA[]]></system-err>
</testsuite>
